{
  "RSpec": {
    "coverage": {
      "/Users/rubykobayashi/Projects/Makers_wk8/instagram-challenge/blog/app/mailers/application_mailer.rb": [
        0,
        0,
        0,
        0
      ],
      "/Users/rubykobayashi/Projects/Makers_wk8/instagram-challenge/blog/app/models/user.rb": [
        0,
        null,
        null,
        0,
        0,
        0
      ],
      "/Users/rubykobayashi/Projects/Makers_wk8/instagram-challenge/blog/app/jobs/application_job.rb": [
        0,
        0
      ],
      "/Users/rubykobayashi/Projects/Makers_wk8/instagram-challenge/blog/app/controllers/welcome_controller.rb": [
        0,
        0,
        0,
        0
      ],
      "/Users/rubykobayashi/Projects/Makers_wk8/instagram-challenge/blog/app/helpers/welcome_helper.rb": [
        0,
        0
      ],
      "/Users/rubykobayashi/Projects/Makers_wk8/instagram-challenge/blog/app/channels/application_cable/connection.rb": [
        0,
        0,
        0,
        0
      ],
      "/Users/rubykobayashi/Projects/Makers_wk8/instagram-challenge/blog/app/channels/application_cable/channel.rb": [
        0,
        0,
        0,
        0
      ]
    },
    "timestamp": 1551624877
  }
}
